<?xml version="1.0" encoding="UTF-8"?>
<!-- Generated by org.testng.reporters.JUnitReportReporter -->
<testsuite hostname="DESKTOP-2SKVUE2" failures="0" tests="4" name="testcases.InventoryPageTest" time="38.312" errors="0" timestamp="2024-08-17T18:06:23 IST" skipped="0">
  <testcase classname="testcases.InventoryPageTest" name="verifyTitle" time="6.135"/>
  <system-out>
    <![CDATA[Title of Inventory Page Products]]>
  </system-out>
  <testcase classname="testcases.InventoryPageTest" name="removeProduct" time="13.214"/>
  <system-out>
    <![CDATA[Total Count is= 2]]>
  </system-out>
  <testcase classname="testcases.InventoryPageTest" name="add4Product" time="12.001"/>
  <system-out>
    <![CDATA[Count of added Product is 4]]>
  </system-out>
  <testcase classname="testcases.InventoryPageTest" name="verifyIcon" time="6.962"/>
  <system-out>
    <![CDATA[Tweeter Logo is Present= true]]>
  </system-out>
</testsuite> <!-- testcases.InventoryPageTest -->
