<?xml version="1.0" encoding="UTF-8"?>
<!-- Generated by org.testng.reporters.JUnitReportReporter -->
<testsuite hostname="DESKTOP-2SKVUE2" failures="0" tests="4" name="testcases.InventoryPageTest" time="39.521" errors="0" timestamp="2024-08-19T10:09:58 IST" skipped="0">
  <testcase classname="testcases.InventoryPageTest" name="removeProduct" time="17.129">
    <system-out>
      <![CDATA[Total Count is= 2]]>
    </system-out>
  </testcase> <!-- removeProduct -->
  <testcase classname="testcases.InventoryPageTest" name="verifyIcon" time="6.550">
    <system-out>
      <![CDATA[Tweeter Logo is Present= true]]>
    </system-out>
  </testcase> <!-- verifyIcon -->
  <testcase classname="testcases.InventoryPageTest" name="verifyTitle" time="6.409">
    <system-out>
      <![CDATA[Title of Inventory Page Products]]>
    </system-out>
  </testcase> <!-- verifyTitle -->
  <testcase classname="testcases.InventoryPageTest" name="add4Product" time="9.433">
    <system-out>
      <![CDATA[Count of added Product is 4]]>
    </system-out>
  </testcase> <!-- add4Product -->
  <system-out>
    <![CDATA[Count of added Product is 4
Total Count is= 2
Tweeter Logo is Present= true
Title of Inventory Page Products]]>
  </system-out>
</testsuite> <!-- testcases.InventoryPageTest -->
