<?xml version="1.0" encoding="UTF-8"?>
<!-- Generated by org.testng.reporters.JUnitReportReporter -->
<testsuite hostname="DESKTOP-2SKVUE2" failures="0" tests="3" name="testcases.LoginPageTest" time="36.709" errors="0" timestamp="2024-08-18T20:20:14 IST" skipped="0">
  <testcase classname="testcases.LoginPageTest" name="LoginToAppTest" time="12.538"/>
  <system-out/>
  <testcase classname="testcases.LoginPageTest" name="VerifyURLofApplicationTest" time="15.497"/>
  <system-out>
    <![CDATA[Url of swag lab =https://www.saucedemo.com/]]>
  </system-out>
  <testcase classname="testcases.LoginPageTest" name="VerifyTitleofApplicationTest" time="8.674"/>
  <system-out/>
</testsuite> <!-- testcases.LoginPageTest -->
