<?xml version="1.0" encoding="UTF-8"?>
<!-- Generated by org.testng.reporters.JUnitReportReporter -->
<testsuite hostname="DESKTOP-2SKVUE2" failures="0" tests="3" name="testcases.LoginPageTest" time="29.106" errors="0" timestamp="2024-08-18T21:00:18 IST" skipped="0">
  <testcase classname="testcases.LoginPageTest" name="VerifyTitleofApplicationTest" time="5.622"/>
  <testcase classname="testcases.LoginPageTest" name="LoginToAppTest" time="16.763"/>
  <testcase classname="testcases.LoginPageTest" name="VerifyURLofApplicationTest" time="6.721">
    <system-out>
      <![CDATA[Url of swag lab =https://www.saucedemo.com/]]>
    </system-out>
  </testcase> <!-- VerifyURLofApplicationTest -->
  <system-out>
    <![CDATA[Url of swag lab =https://www.saucedemo.com/]]>
  </system-out>
</testsuite> <!-- testcases.LoginPageTest -->
