<?xml version="1.0" encoding="UTF-8"?>
<!-- Generated by org.testng.reporters.JUnitReportReporter -->
<testsuite hostname="DESKTOP-2SKVUE2" failures="0" tests="4" name="testcases.InventoryPageTest" time="36.957" errors="0" timestamp="2024-08-18T19:51:18 IST" skipped="0">
  <testcase classname="testcases.InventoryPageTest" name="removeProduct" time="13.166"/>
  <system-out>
    <![CDATA[Total Count is= 2]]>
  </system-out>
  <testcase classname="testcases.InventoryPageTest" name="add4Product" time="9.586"/>
  <system-out>
    <![CDATA[Count of added Product is 4]]>
  </system-out>
  <testcase classname="testcases.InventoryPageTest" name="verifyTitle" time="6.586"/>
  <system-out>
    <![CDATA[Title of Inventory Page Products]]>
  </system-out>
  <testcase classname="testcases.InventoryPageTest" name="verifyIcon" time="7.619"/>
  <system-out>
    <![CDATA[Tweeter Logo is Present= true]]>
  </system-out>
</testsuite> <!-- testcases.InventoryPageTest -->
