<?xml version="1.0" encoding="UTF-8"?>
<!-- Generated by org.testng.reporters.JUnitReportReporter -->
<testsuite hostname="DESKTOP-2SKVUE2" failures="0" tests="2" name="testcases.CartPageTest" time="12.340" errors="0" timestamp="2024-08-19T11:47:58 IST" skipped="0">
  <testcase classname="testcases.CartPageTest" name="verifyCartPageURLTest" time="7.200">
    <system-out>
      <![CDATA[https://www.saucedemo.com/cart.html]]>
    </system-out>
  </testcase> <!-- verifyCartPageURLTest -->
  <testcase classname="testcases.CartPageTest" name="verifyCheckoutTitleTest" time="5.140">
    <system-out>
      <![CDATA[Swag Labs]]>
    </system-out>
  </testcase> <!-- verifyCheckoutTitleTest -->
  <system-out>
    <![CDATA[https://www.saucedemo.com/cart.html
Swag Labs]]>
  </system-out>
</testsuite> <!-- testcases.CartPageTest -->
