<?xml version="1.0" encoding="UTF-8"?>
<!-- Generated by org.testng.reporters.JUnitReportReporter -->
<testsuite hostname="DESKTOP-2SKVUE2" failures="0" tests="1" name="testcases.Rtest" time="5.733" errors="0" timestamp="2024-08-17T18:49:24 IST" skipped="0">
  <testcase classname="testcases.Rtest" name="tc1" time="5.733"/>
  <system-out/>
</testsuite> <!-- testcases.Rtest -->
