<?xml version="1.0" encoding="UTF-8"?>
<!-- Generated by org.testng.reporters.JUnitReportReporter -->
<testsuite hostname="DESKTOP-2SKVUE2" failures="0" tests="3" name="testcases.LoginPageTest" time="23.175" errors="0" timestamp="2024-08-18T10:36:04 IST" skipped="0">
  <testcase classname="testcases.LoginPageTest" name="VerifyURLofApplicationTest" time="5.356"/>
  <system-out>
    <![CDATA[Url of swag lab =https://www.saucedemo.com/]]>
  </system-out>
  <testcase classname="testcases.LoginPageTest" name="VerifyTitleofApplicationTest" time="5.374"/>
  <system-out/>
  <testcase classname="testcases.LoginPageTest" name="LoginToAppTest" time="12.445"/>
  <system-out/>
</testsuite> <!-- testcases.LoginPageTest -->
