<?xml version="1.0" encoding="UTF-8"?>
<!-- Generated by org.testng.reporters.JUnitReportReporter -->
<testsuite hostname="DESKTOP-2SKVUE2" failures="0" tests="3" name="testcases.LoginPageTest" time="16.809" errors="0" timestamp="2024-08-17T19:10:09 IST" skipped="0">
  <testcase classname="testcases.LoginPageTest" name="VerifyURLofApplicationTest" time="4.828"/>
  <system-out>
    <![CDATA[Url of swag lab =https://www.saucedemo.com/]]>
  </system-out>
  <testcase classname="testcases.LoginPageTest" name="LoginToAppTest" time="6.546"/>
  <system-out/>
  <testcase classname="testcases.LoginPageTest" name="VerifyTitleofApplicationTest" time="5.435"/>
  <system-out/>
</testsuite> <!-- testcases.LoginPageTest -->
