<?xml version="1.0" encoding="UTF-8"?>
<!-- Generated by org.testng.reporters.JUnitReportReporter -->
<testsuite hostname="DESKTOP-2SKVUE2" failures="0" tests="6" name="testcases.VerifyMultiCreadTest" time="65.494" errors="0" timestamp="2024-08-18T19:51:18 IST" skipped="0">
  <testcase classname="testcases.VerifyMultiCreadTest" name="verifyMultiCredentialsTest" time="13.022"/>
  <system-out/>
  <testcase classname="testcases.VerifyMultiCreadTest" name="verifyMultiCredentialsTest" time="11.921"/>
  <system-out/>
  <testcase classname="testcases.VerifyMultiCreadTest" name="verifyMultiCredentialsTest" time="8.234"/>
  <system-out/>
  <testcase classname="testcases.VerifyMultiCreadTest" name="verifyMultiCredentialsTest" time="8.176"/>
  <system-out/>
  <testcase classname="testcases.VerifyMultiCreadTest" name="verifyMultiCredentialsTest" time="11.022"/>
  <system-out/>
  <testcase classname="testcases.VerifyMultiCreadTest" name="verifyMultiCredentialsTest" time="13.119"/>
  <system-out/>
</testsuite> <!-- testcases.VerifyMultiCreadTest -->
