<?xml version="1.0" encoding="UTF-8"?>
<!-- Generated by org.testng.reporters.JUnitReportReporter -->
<testsuite hostname="DESKTOP-2SKVUE2" failures="0" tests="2" name="testcases.CheckoutPageTest" time="15.866" errors="0" timestamp="2024-08-19T12:20:56 IST" skipped="0">
  <testcase classname="testcases.CheckoutPageTest" name="verifyCheckoutTitleTest" time="6.019">
    <system-out>
      <![CDATA[Checkout: Your Information]]>
    </system-out>
  </testcase> <!-- verifyCheckoutTitleTest -->
  <testcase classname="testcases.CheckoutPageTest" name="verifyCartPageURLTest" time="9.847">
    <system-out>
      <![CDATA[Checkout: Your Information]]>
    </system-out>
  </testcase> <!-- verifyCartPageURLTest -->
  <system-out>
    <![CDATA[Checkout: Your Information
Checkout: Your Information]]>
  </system-out>
</testsuite> <!-- testcases.CheckoutPageTest -->
