<?xml version="1.0" encoding="UTF-8"?>
<!-- Generated by org.testng.reporters.JUnitReportReporter -->
<testsuite hostname="DESKTOP-2SKVUE2" failures="0" tests="6" name="testcases.VerifyMultiCreadTest" time="46.736" errors="0" timestamp="2024-08-18T18:07:01 IST" skipped="0">
  <testcase classname="testcases.VerifyMultiCreadTest" name="verifyMultiCredentialsTest" time="7.915"/>
  <system-out/>
  <testcase classname="testcases.VerifyMultiCreadTest" name="verifyMultiCredentialsTest" time="6.115"/>
  <system-out/>
  <testcase classname="testcases.VerifyMultiCreadTest" name="verifyMultiCredentialsTest" time="5.802"/>
  <system-out/>
  <testcase classname="testcases.VerifyMultiCreadTest" name="verifyMultiCredentialsTest" time="10.577"/>
  <system-out/>
  <testcase classname="testcases.VerifyMultiCreadTest" name="verifyMultiCredentialsTest" time="8.632"/>
  <system-out/>
  <testcase classname="testcases.VerifyMultiCreadTest" name="verifyMultiCredentialsTest" time="7.695"/>
  <system-out/>
</testsuite> <!-- testcases.VerifyMultiCreadTest -->
